  Scene.cpp
d:\Documents\Coding\VJ\VJ-BabaIsYou\02-Bubble\Scene.cpp(105,29): warning C4244: 'argument': conversion from 'T' to 'int', possible loss of data
          with
          [
              T=float
          ]
d:\Documents\Coding\VJ\VJ-BabaIsYou\02-Bubble\Scene.cpp(105,22): warning C4244: 'argument': conversion from 'T' to 'int', possible loss of data
          with
          [
              T=float
          ]
d:\Documents\Coding\VJ\VJ-BabaIsYou\02-Bubble\Scene.cpp(67,17): warning C4101: 'it': unreferenced local variable
d:\Documents\Coding\VJ\VJ-BabaIsYou\02-Bubble\Scene.cpp(113,8): warning C4101: 'type': unreferenced local variable
d:\Documents\Coding\VJ\VJ-BabaIsYou\02-Bubble\Scene.cpp(148,20): warning C4018: '<': signed/unsigned mismatch
d:\Documents\Coding\VJ\VJ-BabaIsYou\02-Bubble\Scene.cpp(185,20): warning C4018: '<': signed/unsigned mismatch
d:\Documents\Coding\VJ\VJ-BabaIsYou\02-Bubble\Scene.cpp(206,20): warning C4018: '<': signed/unsigned mismatch
d:\Documents\Coding\VJ\VJ-BabaIsYou\02-Bubble\Scene.cpp(210,20): warning C4018: '<': signed/unsigned mismatch
d:\Documents\Coding\VJ\VJ-BabaIsYou\02-Bubble\Scene.cpp(225,20): warning C4018: '<': signed/unsigned mismatch
d:\Documents\Coding\VJ\VJ-BabaIsYou\02-Bubble\Scene.cpp(236,23): warning C4018: '<': signed/unsigned mismatch
d:\Documents\Coding\VJ\VJ-BabaIsYou\02-Bubble\Scene.cpp(265,48): warning C4018: '<': signed/unsigned mismatch
d:\Documents\Coding\VJ\VJ-BabaIsYou\02-Bubble\Scene.cpp(221,12): warning C4101: 'rel': unreferenced local variable
d:\Documents\Coding\VJ\VJ-BabaIsYou\02-Bubble\Scene.cpp(427,25): warning C4129: 'P': unrecognized character escape sequence
d:\Documents\Coding\VJ\VJ-BabaIsYou\02-Bubble\Scene.cpp(518,20): warning C4018: '<': signed/unsigned mismatch
d:\Documents\Coding\VJ\VJ-BabaIsYou\02-Bubble\Scene.cpp(538,20): warning C4018: '<': signed/unsigned mismatch
d:\Documents\Coding\VJ\VJ-BabaIsYou\02-Bubble\Scene.cpp(584,20): warning C4018: '<': signed/unsigned mismatch
d:\Documents\Coding\VJ\VJ-BabaIsYou\02-Bubble\Scene.cpp(606,21): warning C4018: '<': signed/unsigned mismatch
d:\Documents\Coding\VJ\VJ-BabaIsYou\02-Bubble\Scene.cpp(611,21): warning C4018: '<': signed/unsigned mismatch
d:\Documents\Coding\VJ\VJ-BabaIsYou\02-Bubble\Scene.cpp(625,21): warning C4018: '<': signed/unsigned mismatch
d:\Documents\Coding\VJ\VJ-BabaIsYou\02-Bubble\Scene.cpp(630,21): warning C4018: '<': signed/unsigned mismatch
d:\Documents\Coding\VJ\VJ-BabaIsYou\02-Bubble\Scene.cpp(701,21): warning C4018: '<': signed/unsigned mismatch
d:\Documents\Coding\VJ\VJ-BabaIsYou\02-Bubble\Scene.cpp(757,21): warning C4018: '<': signed/unsigned mismatch
d:\Documents\Coding\VJ\VJ-BabaIsYou\02-Bubble\Scene.cpp(761,23): warning C4018: '<': signed/unsigned mismatch
d:\Documents\Coding\VJ\VJ-BabaIsYou\02-Bubble\Scene.cpp(779,20): warning C4018: '<': signed/unsigned mismatch
d:\Documents\Coding\VJ\VJ-BabaIsYou\02-Bubble\Scene.cpp(786,20): warning C4018: '<': signed/unsigned mismatch
d:\Documents\Coding\VJ\VJ-BabaIsYou\02-Bubble\Scene.cpp(788,21): warning C4018: '<': signed/unsigned mismatch
d:\Documents\Coding\VJ\VJ-BabaIsYou\02-Bubble\Scene.cpp(798,20): warning C4018: '<': signed/unsigned mismatch
d:\Documents\Coding\VJ\VJ-BabaIsYou\02-Bubble\Scene.cpp(926,20): warning C4018: '<': signed/unsigned mismatch
d:\Documents\Coding\VJ\VJ-BabaIsYou\02-Bubble\Scene.cpp(931,20): warning C4018: '<': signed/unsigned mismatch
d:\Documents\Coding\VJ\VJ-BabaIsYou\02-Bubble\Scene.cpp(145): warning C4715: 'Scene::createInstances': not all control paths return a value
LINK : warning LNK4075: ignoring '/INCREMENTAL' due to '/OPT:ICF' specification
SOIL.lib(SOIL.obj) : warning LNK4075: ignoring '/EDITANDCONTINUE' due to '/OPT:ICF' specification
LINK : warning LNK4098: defaultlib 'MSVCRTD' conflicts with use of other libs; use /NODEFAULTLIB:library
SOIL.lib(image_DXT.obj) : warning LNK4099: PDB 'vc100.pdb' was not found with 'SOIL.lib(image_DXT.obj)' or at 'd:\Documents\Coding\VJ\VJ-BabaIsYou\Release\vc100.pdb'; linking object as if no debug info
SOIL.lib(image_helper.obj) : warning LNK4099: PDB 'vc100.pdb' was not found with 'SOIL.lib(image_helper.obj)' or at 'd:\Documents\Coding\VJ\VJ-BabaIsYou\Release\vc100.pdb'; linking object as if no debug info
SOIL.lib(SOIL.obj) : warning LNK4099: PDB 'vc100.pdb' was not found with 'SOIL.lib(SOIL.obj)' or at 'd:\Documents\Coding\VJ\VJ-BabaIsYou\Release\vc100.pdb'; linking object as if no debug info
SOIL.lib(stb_image_aug.obj) : warning LNK4099: PDB 'vc100.pdb' was not found with 'SOIL.lib(stb_image_aug.obj)' or at 'd:\Documents\Coding\VJ\VJ-BabaIsYou\Release\vc100.pdb'; linking object as if no debug info
  02-Bubble.vcxproj -> d:\Documents\Coding\VJ\VJ-BabaIsYou\Release\02-Bubble.exe
