d:\documents\coding\vj\vj-babaisyou\02-bubble\release\vc142.pdb
d:\documents\coding\vj\vj-babaisyou\02-bubble\release\tilemap.obj
d:\documents\coding\vj\vj-babaisyou\02-bubble\release\texturedquad.obj
d:\documents\coding\vj\vj-babaisyou\02-bubble\release\texture.obj
d:\documents\coding\vj\vj-babaisyou\02-bubble\release\textscene.obj
d:\documents\coding\vj\vj-babaisyou\02-bubble\release\text.obj
d:\documents\coding\vj\vj-babaisyou\02-bubble\release\sprite.obj
d:\documents\coding\vj\vj-babaisyou\02-bubble\release\shaderprogram.obj
d:\documents\coding\vj\vj-babaisyou\02-bubble\release\shader.obj
d:\documents\coding\vj\vj-babaisyou\02-bubble\release\scene.obj
d:\documents\coding\vj\vj-babaisyou\02-bubble\release\player.obj
d:\documents\coding\vj\vj-babaisyou\02-bubble\release\movable.obj
d:\documents\coding\vj\vj-babaisyou\02-bubble\release\main.obj
d:\documents\coding\vj\vj-babaisyou\02-bubble\release\game.obj
d:\documents\coding\vj\vj-babaisyou\02-bubble\release\entity.obj
d:\documents\coding\vj\vj-babaisyou\release\02-bubble.exe
d:\documents\coding\vj\vj-babaisyou\release\02-bubble.pdb
d:\documents\coding\vj\vj-babaisyou\02-bubble\release\02-bubble.tlog\cl.command.1.tlog
d:\documents\coding\vj\vj-babaisyou\02-bubble\release\02-bubble.tlog\cl.read.1.tlog
d:\documents\coding\vj\vj-babaisyou\02-bubble\release\02-bubble.tlog\cl.write.1.tlog
d:\documents\coding\vj\vj-babaisyou\02-bubble\release\02-bubble.tlog\link.command.1.tlog
d:\documents\coding\vj\vj-babaisyou\02-bubble\release\02-bubble.tlog\link.read.1.tlog
d:\documents\coding\vj\vj-babaisyou\02-bubble\release\02-bubble.tlog\link.write.1.tlog
