  Game.cpp
  Scene.cpp
d:\Documents\Coding\VJ\VJ-BabaIsYou\02-Bubble\Scene.cpp(105,29): warning C4244: 'argument': conversion from 'T' to 'int', possible loss of data
          with
          [
              T=float
          ]
d:\Documents\Coding\VJ\VJ-BabaIsYou\02-Bubble\Scene.cpp(105,22): warning C4244: 'argument': conversion from 'T' to 'int', possible loss of data
          with
          [
              T=float
          ]
d:\Documents\Coding\VJ\VJ-BabaIsYou\02-Bubble\Scene.cpp(67,17): warning C4101: 'it': unreferenced local variable
d:\Documents\Coding\VJ\VJ-BabaIsYou\02-Bubble\Scene.cpp(113,8): warning C4101: 'type': unreferenced local variable
d:\Documents\Coding\VJ\VJ-BabaIsYou\02-Bubble\Scene.cpp(148,20): warning C4018: '<': signed/unsigned mismatch
d:\Documents\Coding\VJ\VJ-BabaIsYou\02-Bubble\Scene.cpp(182,20): warning C4018: '<': signed/unsigned mismatch
d:\Documents\Coding\VJ\VJ-BabaIsYou\02-Bubble\Scene.cpp(203,20): warning C4018: '<': signed/unsigned mismatch
d:\Documents\Coding\VJ\VJ-BabaIsYou\02-Bubble\Scene.cpp(207,20): warning C4018: '<': signed/unsigned mismatch
d:\Documents\Coding\VJ\VJ-BabaIsYou\02-Bubble\Scene.cpp(221,20): warning C4018: '<': signed/unsigned mismatch
d:\Documents\Coding\VJ\VJ-BabaIsYou\02-Bubble\Scene.cpp(232,23): warning C4018: '<': signed/unsigned mismatch
d:\Documents\Coding\VJ\VJ-BabaIsYou\02-Bubble\Scene.cpp(261,48): warning C4018: '<': signed/unsigned mismatch
d:\Documents\Coding\VJ\VJ-BabaIsYou\02-Bubble\Scene.cpp(217,12): warning C4101: 'rel': unreferenced local variable
d:\Documents\Coding\VJ\VJ-BabaIsYou\02-Bubble\Scene.cpp(423,25): warning C4129: 'P': unrecognized character escape sequence
d:\Documents\Coding\VJ\VJ-BabaIsYou\02-Bubble\Scene.cpp(514,20): warning C4018: '<': signed/unsigned mismatch
d:\Documents\Coding\VJ\VJ-BabaIsYou\02-Bubble\Scene.cpp(559,20): warning C4018: '<': signed/unsigned mismatch
d:\Documents\Coding\VJ\VJ-BabaIsYou\02-Bubble\Scene.cpp(581,21): warning C4018: '<': signed/unsigned mismatch
d:\Documents\Coding\VJ\VJ-BabaIsYou\02-Bubble\Scene.cpp(586,21): warning C4018: '<': signed/unsigned mismatch
d:\Documents\Coding\VJ\VJ-BabaIsYou\02-Bubble\Scene.cpp(600,21): warning C4018: '<': signed/unsigned mismatch
d:\Documents\Coding\VJ\VJ-BabaIsYou\02-Bubble\Scene.cpp(605,21): warning C4018: '<': signed/unsigned mismatch
d:\Documents\Coding\VJ\VJ-BabaIsYou\02-Bubble\Scene.cpp(676,21): warning C4018: '<': signed/unsigned mismatch
d:\Documents\Coding\VJ\VJ-BabaIsYou\02-Bubble\Scene.cpp(732,21): warning C4018: '<': signed/unsigned mismatch
d:\Documents\Coding\VJ\VJ-BabaIsYou\02-Bubble\Scene.cpp(736,23): warning C4018: '<': signed/unsigned mismatch
d:\Documents\Coding\VJ\VJ-BabaIsYou\02-Bubble\Scene.cpp(754,20): warning C4018: '<': signed/unsigned mismatch
d:\Documents\Coding\VJ\VJ-BabaIsYou\02-Bubble\Scene.cpp(761,20): warning C4018: '<': signed/unsigned mismatch
d:\Documents\Coding\VJ\VJ-BabaIsYou\02-Bubble\Scene.cpp(763,21): warning C4018: '<': signed/unsigned mismatch
d:\Documents\Coding\VJ\VJ-BabaIsYou\02-Bubble\Scene.cpp(773,20): warning C4018: '<': signed/unsigned mismatch
d:\Documents\Coding\VJ\VJ-BabaIsYou\02-Bubble\Scene.cpp(896,20): warning C4018: '<': signed/unsigned mismatch
d:\Documents\Coding\VJ\VJ-BabaIsYou\02-Bubble\Scene.cpp(901,20): warning C4018: '<': signed/unsigned mismatch
  Generating Code...
d:\Documents\Coding\VJ\VJ-BabaIsYou\02-Bubble\Scene.cpp(145): warning C4715: 'Scene::createInstances': not all control paths return a value
SOIL.lib(image_DXT.obj) : warning LNK4099: PDB 'vc100.pdb' was not found with 'SOIL.lib(image_DXT.obj)' or at 'd:\Documents\Coding\VJ\VJ-BabaIsYou\Debug\vc100.pdb'; linking object as if no debug info
SOIL.lib(image_helper.obj) : warning LNK4099: PDB 'vc100.pdb' was not found with 'SOIL.lib(image_helper.obj)' or at 'd:\Documents\Coding\VJ\VJ-BabaIsYou\Debug\vc100.pdb'; linking object as if no debug info
SOIL.lib(SOIL.obj) : warning LNK4099: PDB 'vc100.pdb' was not found with 'SOIL.lib(SOIL.obj)' or at 'd:\Documents\Coding\VJ\VJ-BabaIsYou\Debug\vc100.pdb'; linking object as if no debug info
SOIL.lib(stb_image_aug.obj) : warning LNK4099: PDB 'vc100.pdb' was not found with 'SOIL.lib(stb_image_aug.obj)' or at 'd:\Documents\Coding\VJ\VJ-BabaIsYou\Debug\vc100.pdb'; linking object as if no debug info
  02-Bubble.vcxproj -> d:\Documents\Coding\VJ\VJ-BabaIsYou\Debug\02-Bubble.exe
