d:\documents\coding\vj\vj-babaisyou\02-bubble\debug\vc142.pdb
d:\documents\coding\vj\vj-babaisyou\02-bubble\debug\vc142.idb
d:\documents\coding\vj\vj-babaisyou\02-bubble\debug\tilemap.obj
d:\documents\coding\vj\vj-babaisyou\02-bubble\debug\texture.obj
d:\documents\coding\vj\vj-babaisyou\02-bubble\debug\sprite.obj
d:\documents\coding\vj\vj-babaisyou\02-bubble\debug\shaderprogram.obj
d:\documents\coding\vj\vj-babaisyou\02-bubble\debug\shader.obj
d:\documents\coding\vj\vj-babaisyou\02-bubble\debug\scene.obj
d:\documents\coding\vj\vj-babaisyou\02-bubble\debug\player.obj
d:\documents\coding\vj\vj-babaisyou\02-bubble\debug\main.obj
d:\documents\coding\vj\vj-babaisyou\02-bubble\debug\game.obj
d:\documents\coding\vj\vj-babaisyou\02-bubble\debug\entity.obj
d:\documents\coding\vj\vj-babaisyou\debug\02-bubble.ilk
d:\documents\coding\vj\vj-babaisyou\debug\02-bubble.exe
d:\documents\coding\vj\vj-babaisyou\debug\02-bubble.pdb
d:\documents\coding\vj\vj-babaisyou\02-bubble\debug\02-bubble.tlog\cl.command.1.tlog
d:\documents\coding\vj\vj-babaisyou\02-bubble\debug\02-bubble.tlog\cl.read.1.tlog
d:\documents\coding\vj\vj-babaisyou\02-bubble\debug\02-bubble.tlog\cl.write.1.tlog
d:\documents\coding\vj\vj-babaisyou\02-bubble\debug\02-bubble.tlog\link.command.1.tlog
d:\documents\coding\vj\vj-babaisyou\02-bubble\debug\02-bubble.tlog\link.read.1.tlog
d:\documents\coding\vj\vj-babaisyou\02-bubble\debug\02-bubble.tlog\link.write.1.tlog
